2018-07-17 21:09:50.697  INFO 8780 --- [main] com.example.demo.DemoApplication         : Starting DemoApplication on XFX-01806231031 with PID 8780 (F:\demo\target\classes started by Admin in F:\demo)
2018-07-17 21:09:50.697  INFO 8780 --- [main] com.example.demo.DemoApplication         : No active profile set, falling back to default profiles: default
2018-07-17 21:09:50.742  INFO 8780 --- [main] ConfigServletWebServerApplicationContext : Refreshing org.springframework.boot.web.servlet.context.AnnotationConfigServletWebServerApplicationContext@b62fe6d: startup date [Tue Jul 17 21:09:50 CST 2018]; root of context hierarchy
2018-07-17 21:09:51.276  INFO 8780 --- [main] trationDelegate$BeanPostProcessorChecker : Bean 'org.springframework.boot.autoconfigure.data.neo4j.Neo4jDataAutoConfiguration' of type [org.springframework.boot.autoconfigure.data.neo4j.Neo4jDataAutoConfiguration$$EnhancerBySpringCGLIB$$a5f33031] is not eligible for getting processed by all BeanPostProcessors (for example: not eligible for auto-proxying)
2018-07-17 21:09:51.286  INFO 8780 --- [main] trationDelegate$BeanPostProcessorChecker : Bean 'org.springframework.transaction.annotation.ProxyTransactionManagementConfiguration' of type [org.springframework.transaction.annotation.ProxyTransactionManagementConfiguration$$EnhancerBySpringCGLIB$$d218dd25] is not eligible for getting processed by all BeanPostProcessors (for example: not eligible for auto-proxying)
2018-07-17 21:09:51.306  INFO 8780 --- [main] trationDelegate$BeanPostProcessorChecker : Bean 'org.springframework.boot.context.properties.ConversionServiceDeducer$Factory' of type [org.springframework.boot.context.properties.ConversionServiceDeducer$Factory] is not eligible for getting processed by all BeanPostProcessors (for example: not eligible for auto-proxying)
2018-07-17 21:09:51.316  INFO 8780 --- [main] trationDelegate$BeanPostProcessorChecker : Bean 'spring.data.neo4j-org.springframework.boot.autoconfigure.data.neo4j.Neo4jProperties' of type [org.springframework.boot.autoconfigure.data.neo4j.Neo4jProperties] is not eligible for getting processed by all BeanPostProcessors (for example: not eligible for auto-proxying)
2018-07-17 21:09:51.326  INFO 8780 --- [main] trationDelegate$BeanPostProcessorChecker : Bean 'configuration' of type [org.neo4j.ogm.config.Configuration] is not eligible for getting processed by all BeanPostProcessors (for example: not eligible for auto-proxying)
2018-07-17 21:09:51.396  INFO 8780 --- [main] org.neo4j.ogm.metadata.DomainInfo        : Starting Post-processing phase
2018-07-17 21:09:51.396  INFO 8780 --- [main] org.neo4j.ogm.metadata.DomainInfo        : Building annotation class map
2018-07-17 21:09:51.396  INFO 8780 --- [main] org.neo4j.ogm.metadata.DomainInfo        : Building interface class map for 8 classes
2018-07-17 21:09:51.396  INFO 8780 --- [main] org.neo4j.ogm.metadata.DomainInfo        : Post-processing complete
2018-07-17 21:09:51.416  INFO 8780 --- [main] trationDelegate$BeanPostProcessorChecker : Bean 'sessionFactory' of type [org.neo4j.ogm.session.SessionFactory] is not eligible for getting processed by all BeanPostProcessors (for example: not eligible for auto-proxying)
2018-07-17 21:09:51.696  INFO 8780 --- [main] o.s.b.w.embedded.tomcat.TomcatWebServer  : Tomcat initialized with port(s): 8080 (http)
2018-07-17 21:09:51.716  INFO 8780 --- [main] o.apache.catalina.core.StandardService   : Starting service [Tomcat]
2018-07-17 21:09:51.716  INFO 8780 --- [main] org.apache.catalina.core.StandardEngine  : Starting Servlet Engine: Apache Tomcat/8.5.31
2018-07-17 21:09:51.726  INFO 8780 --- [localhost-startStop-1] o.a.catalina.core.AprLifecycleListener   : The APR based Apache Tomcat Native library which allows optimal performance in production environments was not found on the java.library.path: [C:\Program Files\Java\jdk1.8.0_65\bin;C:\windows\Sun\Java\bin;C:\windows\system32;C:\windows;C:\ProgramData\Oracle\Java\javapath;C:\windows\system32;C:\windows;C:\windows\System32\Wbem;C:\windows\System32\WindowsPowerShell\v1.0\;D:\commonsoftwrare\maven\apache-maven-3.5.2\bin\;D:\commonsoftwrare\zookeeper-3.4.10\zookeeper-3.4.10\bin\;C:\Program Files\Java\jdk1.8.0_65\bin\;.]
2018-07-17 21:09:51.801  INFO 8780 --- [localhost-startStop-1] o.a.c.c.C.[Tomcat].[localhost].[/]       : Initializing Spring embedded WebApplicationContext
2018-07-17 21:09:51.801  INFO 8780 --- [localhost-startStop-1] o.s.web.context.ContextLoader            : Root WebApplicationContext: initialization completed in 1060 ms
2018-07-17 21:09:51.891  INFO 8780 --- [localhost-startStop-1] o.s.b.w.servlet.ServletRegistrationBean  : Servlet dispatcherServlet mapped to [/]
2018-07-17 21:09:51.891  INFO 8780 --- [localhost-startStop-1] o.s.b.w.servlet.FilterRegistrationBean   : Mapping filter: 'characterEncodingFilter' to: [/*]
2018-07-17 21:09:51.891  INFO 8780 --- [localhost-startStop-1] o.s.b.w.servlet.FilterRegistrationBean   : Mapping filter: 'hiddenHttpMethodFilter' to: [/*]
2018-07-17 21:09:51.891  INFO 8780 --- [localhost-startStop-1] o.s.b.w.servlet.FilterRegistrationBean   : Mapping filter: 'httpPutFormContentFilter' to: [/*]
2018-07-17 21:09:51.891  INFO 8780 --- [localhost-startStop-1] o.s.b.w.servlet.FilterRegistrationBean   : Mapping filter: 'requestContextFilter' to: [/*]
2018-07-17 21:09:51.981  WARN 8780 --- [main] o.s.d.n.mapping.Neo4jPersistentProperty  : No identity field found for class of type: com.example.demo.controller.CustomerController when creating persistent property for : com.example.demo.CustomerService com.example.demo.controller.CustomerController.service
2018-07-17 21:09:51.991  WARN 8780 --- [main] o.s.d.n.mapping.Neo4jPersistentProperty  : No identity field found for class of type: com.example.demo.CustomerService when creating persistent property for : com.example.demo.dao.CustomerRepository com.example.demo.CustomerService.repository
2018-07-17 21:09:51.991  INFO 8780 --- [main] o.s.d.neo4j.mapping.Neo4jMappingContext  : Neo4jMappingContext initialisation completed
2018-07-17 21:09:52.091  INFO 8780 --- [main] o.s.w.s.handler.SimpleUrlHandlerMapping  : Mapped URL path [/**/favicon.ico] onto handler of type [class org.springframework.web.servlet.resource.ResourceHttpRequestHandler]
2018-07-17 21:09:52.221  INFO 8780 --- [main] s.w.s.m.m.a.RequestMappingHandlerAdapter : Looking for @ControllerAdvice: org.springframework.boot.web.servlet.context.AnnotationConfigServletWebServerApplicationContext@b62fe6d: startup date [Tue Jul 17 21:09:50 CST 2018]; root of context hierarchy
2018-07-17 21:09:52.251  INFO 8780 --- [main] s.w.s.m.m.a.RequestMappingHandlerMapping : Mapped "{[/save],methods=[GET]}" onto public void com.example.demo.controller.CustomerController.save()
2018-07-17 21:09:52.251  INFO 8780 --- [main] s.w.s.m.m.a.RequestMappingHandlerMapping : Mapped "{[/get],methods=[GET]}" onto public java.lang.String com.example.demo.controller.CustomerController.aa(java.lang.String)
2018-07-17 21:09:52.251  INFO 8780 --- [main] s.w.s.m.m.a.RequestMappingHandlerMapping : Mapped "{[/error]}" onto public org.springframework.http.ResponseEntity<java.util.Map<java.lang.String, java.lang.Object>> org.springframework.boot.autoconfigure.web.servlet.error.BasicErrorController.error(javax.servlet.http.HttpServletRequest)
2018-07-17 21:09:52.251  INFO 8780 --- [main] s.w.s.m.m.a.RequestMappingHandlerMapping : Mapped "{[/error],produces=[text/html]}" onto public org.springframework.web.servlet.ModelAndView org.springframework.boot.autoconfigure.web.servlet.error.BasicErrorController.errorHtml(javax.servlet.http.HttpServletRequest,javax.servlet.http.HttpServletResponse)
2018-07-17 21:09:52.266  INFO 8780 --- [main] o.s.w.s.handler.SimpleUrlHandlerMapping  : Mapped URL path [/webjars/**] onto handler of type [class org.springframework.web.servlet.resource.ResourceHttpRequestHandler]
2018-07-17 21:09:52.276  INFO 8780 --- [main] o.s.w.s.handler.SimpleUrlHandlerMapping  : Mapped URL path [/**] onto handler of type [class org.springframework.web.servlet.resource.ResourceHttpRequestHandler]
2018-07-17 21:09:52.366  INFO 8780 --- [main] o.s.j.e.a.AnnotationMBeanExporter        : Registering beans for JMX exposure on startup
2018-07-17 21:09:52.396  INFO 8780 --- [main] o.s.b.w.embedded.tomcat.TomcatWebServer  : Tomcat started on port(s): 8080 (http) with context path ''
2018-07-17 21:09:52.396  INFO 8780 --- [main] com.example.demo.DemoApplication         : Started DemoApplication in 1.942 seconds (JVM running for 2.357)
